<?xml version="1.0" encoding="UTF-8"?>
<!-- Generated by org.testng.reporters.JUnitXMLReporter -->
<testsuite ignored="7" hostname="979c8818733b" failures="0" tests="0" name="sanity test B" time="8.695" errors="0" timestamp="2024-07-15T05:03:36 GMT">
  <testcase classname="Test.SeleniumTest" name="@BeforeMethod launchBrowser" time="0.564">
    <failure type="org.openqa.selenium.WebDriverException" message="unknown error: net::ERR_NAME_NOT_RESOLVED
  (Session info: chrome=117.0.5938.62)
Build info: version: &amp;apos;4.21.0&amp;apos;, revision: &amp;apos;79ed462ef4&amp;apos;
System info: os.name: &amp;apos;Linux&amp;apos;, os.arch: &amp;apos;amd64&amp;apos;, os.version: &amp;apos;5.15.153.1-microsoft-standard-WSL2&amp;apos;, java.version: &amp;apos;17.0.8.1&amp;apos;
Driver info: org.openqa.selenium.remote.RemoteWebDriver
Command: [9d5d44e517cd7c3ac7ce31ab04d6eb1a, get {url=https://askomdch.com/}]
Capabilities {acceptInsecureCerts: false, browserName: chrome, browserVersion: 117.0.5938.62, chrome: {chromedriverVersion: 117.0.5938.62 (25a7172909a4..., userDataDir: /tmp/.org.chromium.Chromium...}, fedcm:accounts: true, goog:chromeOptions: {debuggerAddress: localhost:46223}, networkConnectionEnabled: false, pageLoadStrategy: normal, platformName: linux, proxy: Proxy(), se:bidiEnabled: false, se:cdp: ws://192.168.0.8:4444/sessi..., se:cdpVersion: 117.0.5938.62, se:vnc: ws://192.168.0.8:4444/sessi..., se:vncEnabled: true, se:vncLocalAddress: ws://192.168.0.8:7900, setWindowRect: true, strictFileInteractability: false, timeouts: {implicit: 0, pageLoad: 300000, script: 30000}, unhandledPromptBehavior: dismiss and notify, webauthn:extension:credBlob: true, webauthn:extension:largeBlob: true, webauthn:extension:minPinLength: true, webauthn:extension:prf: true, webauthn:virtualAuthenticators: true}
Session ID: 9d5d44e517cd7c3ac7ce31ab04d6eb1a">
      <![CDATA[org.openqa.selenium.WebDriverException: unknown error: net::ERR_NAME_NOT_RESOLVED
  (Session info: chrome=117.0.5938.62)
Build info: version: '4.21.0', revision: '79ed462ef4'
System info: os.name: 'Linux', os.arch: 'amd64', os.version: '5.15.153.1-microsoft-standard-WSL2', java.version: '17.0.8.1'
Driver info: org.openqa.selenium.remote.RemoteWebDriver
Command: [9d5d44e517cd7c3ac7ce31ab04d6eb1a, get {url=https://askomdch.com/}]
Capabilities {acceptInsecureCerts: false, browserName: chrome, browserVersion: 117.0.5938.62, chrome: {chromedriverVersion: 117.0.5938.62 (25a7172909a4..., userDataDir: /tmp/.org.chromium.Chromium...}, fedcm:accounts: true, goog:chromeOptions: {debuggerAddress: localhost:46223}, networkConnectionEnabled: false, pageLoadStrategy: normal, platformName: linux, proxy: Proxy(), se:bidiEnabled: false, se:cdp: ws://192.168.0.8:4444/sessi..., se:cdpVersion: 117.0.5938.62, se:vnc: ws://192.168.0.8:4444/sessi..., se:vncEnabled: true, se:vncLocalAddress: ws://192.168.0.8:7900, setWindowRect: true, strictFileInteractability: false, timeouts: {implicit: 0, pageLoad: 300000, script: 30000}, unhandledPromptBehavior: dismiss and notify, webauthn:extension:credBlob: true, webauthn:extension:largeBlob: true, webauthn:extension:minPinLength: true, webauthn:extension:prf: true, webauthn:virtualAuthenticators: true}
Session ID: 9d5d44e517cd7c3ac7ce31ab04d6eb1a
at org.openqa.selenium.remote.ErrorCodec.decode(ErrorCodec.java:167)
at org.openqa.selenium.remote.codec.w3c.W3CHttpResponseCodec.decode(W3CHttpResponseCodec.java:138)
at org.openqa.selenium.remote.codec.w3c.W3CHttpResponseCodec.decode(W3CHttpResponseCodec.java:50)
at org.openqa.selenium.remote.HttpCommandExecutor.execute(HttpCommandExecutor.java:190)
at org.openqa.selenium.remote.TracedCommandExecutor.execute(TracedCommandExecutor.java:51)
at org.openqa.selenium.remote.RemoteWebDriver.execute(RemoteWebDriver.java:518)
at org.openqa.selenium.remote.RemoteWebDriver.get(RemoteWebDriver.java:300)
at Test.SeleniumTest.launchBrowser(SeleniumTest.java:24)
at java.base/java.util.ArrayList.forEach(Unknown Source)
at java.base/java.util.concurrent.FutureTask.run(Unknown Source)
at java.base/java.util.concurrent.ThreadPoolExecutor.runWorker(Unknown Source)
at java.base/java.util.concurrent.ThreadPoolExecutor$Worker.run(Unknown Source)
at java.base/java.lang.Thread.run(Unknown Source)
... Removed 26 stack frames]]>
    </failure>
  </testcase> <!-- @BeforeMethod launchBrowser -->
  <testcase classname="Test.SeleniumTest" name="addItemToCart" time="0.0">
    <ignored/>
  </testcase> <!-- addItemToCart -->
  <testcase classname="Test.SeleniumTest" name="openMensSectionAfterNavigatingToHome" time="0.0">
    <ignored/>
  </testcase> <!-- openMensSectionAfterNavigatingToHome -->
  <testcase classname="Test.SeleniumTest" name="consumerPractice" time="0.0">
    <ignored/>
  </testcase> <!-- consumerPractice -->
  <testcase classname="Test.SeleniumTest" name="dataDrivenTestingUsingExcel" time="0.0">
    <ignored/>
  </testcase> <!-- dataDrivenTestingUsingExcel -->
  <testcase classname="Test.SeleniumTest" name="dataDrivenTestingUsingJson" time="0.0">
    <ignored/>
  </testcase> <!-- dataDrivenTestingUsingJson -->
  <testcase classname="Test.SeleniumTest" name="searchForBlueButVerifyRed" time="0.0">
    <ignored/>
  </testcase> <!-- searchForBlueButVerifyRed -->
  <testcase classname="Test.SeleniumTest" name="addItemToCartButItemNotFound" time="0.0">
    <ignored/>
  </testcase> <!-- addItemToCartButItemNotFound -->
</testsuite> <!-- sanity test B -->
