<?xml version="1.0" encoding="UTF-8"?>
<!-- Generated by org.testng.reporters.JUnitXMLReporter -->
<testsuite ignored="7" hostname="Herain" failures="1" tests="1" name="sanity test C" time="13.72" errors="0" timestamp="2024-07-14T17:22:16 IST">
  <testcase classname="SeleniumTest" name="searchForBlueButVerifyRed" time="2.485">
    <failure type="java.lang.AssertionError" message="Search not match expected [true] but found [false]">
      <![CDATA[java.lang.AssertionError: Search not match expected [true] but found [false]
at pageComponents.gridComponents.GridProductList.verifySearchedFor(GridProductList.java:36)
at SeleniumTest.searchForBlueButVerifyRed(SeleniumTest.java:63)
at java.base/java.util.ArrayList.forEach(ArrayList.java:1511)
at java.base/java.util.concurrent.FutureTask.run(FutureTask.java:264)
at java.base/java.util.concurrent.ThreadPoolExecutor.runWorker(ThreadPoolExecutor.java:1136)
at java.base/java.util.concurrent.ThreadPoolExecutor$Worker.run(ThreadPoolExecutor.java:635)
at java.base/java.lang.Thread.run(Thread.java:842)
... Removed 20 stack frames]]>
    </failure>
  </testcase> <!-- searchForBlueButVerifyRed -->
  <testcase classname="SeleniumTest" name="consumerPractice" time="0.0">
    <ignored/>
  </testcase> <!-- consumerPractice -->
  <testcase classname="SeleniumTest" name="addItemToCartButItemNotFound" time="0.0">
    <ignored/>
  </testcase> <!-- addItemToCartButItemNotFound -->
  <testcase classname="SeleniumTest" name="addItemToCart" time="0.0">
    <ignored/>
  </testcase> <!-- addItemToCart -->
  <testcase classname="SeleniumTest" name="openMensSectionAfterNavigatingToHome" time="0.0">
    <ignored/>
  </testcase> <!-- openMensSectionAfterNavigatingToHome -->
  <testcase classname="SeleniumTest" name="dataDrivenTestingUsingExcel" time="0.0">
    <ignored/>
  </testcase> <!-- dataDrivenTestingUsingExcel -->
  <testcase classname="SeleniumTest" name="dataDrivenTestingUsingJson" time="0.0">
    <ignored/>
  </testcase> <!-- dataDrivenTestingUsingJson -->
  <testcase classname="SeleniumTest" name="searchForBlue" time="0.0">
    <ignored/>
  </testcase> <!-- searchForBlue -->
</testsuite> <!-- sanity test C -->
