<?xml version="1.0" encoding="UTF-8"?>
<!-- Generated by org.testng.reporters.JUnitXMLReporter -->
<testsuite ignored="7" hostname="b3b2feee6df7" failures="1" tests="1" name="sanity test A" time="13.74" errors="0" timestamp="2024-07-14T17:07:23 GMT">
  <testcase classname="Test.SeleniumTest" name="searchForBlueButVerifyRed" time="3.68">
    <failure type="java.lang.AssertionError" message="Search not match expected [true] but found [false]">
      <![CDATA[java.lang.AssertionError: Search not match expected [true] but found [false]
at pageComponents.gridComponents.GridProductList.verifySearchedFor(GridProductList.java:36)
at Test.SeleniumTest.searchForBlueButVerifyRed(SeleniumTest.java:66)
at java.base/java.util.ArrayList.forEach(Unknown Source)
at java.base/java.util.concurrent.FutureTask.run(Unknown Source)
at java.base/java.util.concurrent.ThreadPoolExecutor.runWorker(Unknown Source)
at java.base/java.util.concurrent.ThreadPoolExecutor$Worker.run(Unknown Source)
at java.base/java.lang.Thread.run(Unknown Source)
... Removed 20 stack frames]]>
    </failure>
  </testcase> <!-- searchForBlueButVerifyRed -->
  <testcase classname="Test.SeleniumTest" name="consumerPractice" time="0.0">
    <ignored/>
  </testcase> <!-- consumerPractice -->
  <testcase classname="Test.SeleniumTest" name="dataDrivenTestingUsingExcel" time="0.0">
    <ignored/>
  </testcase> <!-- dataDrivenTestingUsingExcel -->
  <testcase classname="Test.SeleniumTest" name="dataDrivenTestingUsingJson" time="0.0">
    <ignored/>
  </testcase> <!-- dataDrivenTestingUsingJson -->
  <testcase classname="Test.SeleniumTest" name="openMensSectionAfterNavigatingToHome" time="0.0">
    <ignored/>
  </testcase> <!-- openMensSectionAfterNavigatingToHome -->
  <testcase classname="Test.SeleniumTest" name="addItemToCartButItemNotFound" time="0.0">
    <ignored/>
  </testcase> <!-- addItemToCartButItemNotFound -->
  <testcase classname="Test.SeleniumTest" name="searchForBlue" time="0.0">
    <ignored/>
  </testcase> <!-- searchForBlue -->
  <testcase classname="Test.SeleniumTest" name="addItemToCart" time="0.0">
    <ignored/>
  </testcase> <!-- addItemToCart -->
</testsuite> <!-- sanity test A -->
